# JRE version: OpenJDK Runtime Environment (8.0_242-b01) (build 1.8.0_242-release-1644-b01)
# Java VM: OpenJDK 64-Bit Server VM (25.242-b01 mixed mode windows-amd64 compressed oops)
Heap:
 PSYoungGen      total 382464K, used 231940K [0x00000000d5580000, 0x00000000f3f80000, 0x0000000100000000)
  eden space 359936K, 64% used [0x00000000d5580000,0x00000000e3801048,0x00000000eb500000)
  from space 22528K, 0% used [0x00000000eb500000,0x00000000eb500000,0x00000000ecb00000)
  to   space 24576K, 0% used [0x00000000f2780000,0x00000000f2780000,0x00000000f3f80000)
 ParOldGen       total 125440K, used 32342K [0x0000000080000000, 0x0000000087a80000, 0x00000000d5580000)
  object space 125440K, 25% used [0x0000000080000000,0x0000000081f959f8,0x0000000087a80000)
 Metaspace       used 66149K, capacity 70966K, committed 71080K, reserved 1110016K
  class space    used 9220K, capacity 10098K, committed 10152K, reserved 1048576K
GC Heap History (10 events):
Event: 5.481 GC heap before
{Heap before GC invocations=8 (full 1):
 PSYoungGen      total 232960K, used 65493K [0x00000000d5580000, 0x00000000e6f00000, 0x0000000100000000)
  eden space 220160K, 24% used [0x00000000d5580000,0x00000000d893c580,0x00000000e2c80000)
  from space 12800K, 97% used [0x00000000e6280000,0x00000000e6eb8eb8,0x00000000e6f00000)
  to   space 15360K, 0% used [0x00000000e5100000,0x00000000e5100000,0x00000000e6000000)
 ParOldGen       total 57856K, used 7646K [0x0000000080000000, 0x0000000083880000, 0x00000000d5580000)
  object space 57856K, 13% used [0x0000000080000000,0x00000000807779f8,0x0000000083880000)
 Metaspace       used 34412K, capacity 35382K, committed 35496K, reserved 1079296K
  class space    used 4683K, capacity 4942K, committed 5032K, reserved 1048576K
Event: 5.491 GC heap after
Heap after GC invocations=8 (full 1):
 PSYoungGen      total 272896K, used 10013K [0x00000000d5580000, 0x00000000eda00000, 0x0000000100000000)
  eden space 257536K, 0% used [0x00000000d5580000,0x00000000d5580000,0x00000000e5100000)
  from space 15360K, 65% used [0x00000000e5100000,0x00000000e5ac7488,0x00000000e6000000)
  to   space 15360K, 0% used [0x00000000ecb00000,0x00000000ecb00000,0x00000000eda00000)
 ParOldGen       total 57856K, used 7654K [0x0000000080000000, 0x0000000083880000, 0x00000000d5580000)
  object space 57856K, 13% used [0x0000000080000000,0x00000000807799f8,0x0000000083880000)
 Metaspace       used 34412K, capacity 35382K, committed 35496K, reserved 1079296K
  class space    used 4683K, capacity 4942K, committed 5032K, reserved 1048576K
}
Event: 5.491 GC heap before
{Heap before GC invocations=9 (full 2):
 PSYoungGen      total 272896K, used 10013K [0x00000000d5580000, 0x00000000eda00000, 0x0000000100000000)
  eden space 257536K, 0% used [0x00000000d5580000,0x00000000d5580000,0x00000000e5100000)
  from space 15360K, 65% used [0x00000000e5100000,0x00000000e5ac7488,0x00000000e6000000)
  to   space 15360K, 0% used [0x00000000ecb00000,0x00000000ecb00000,0x00000000eda00000)
 ParOldGen       total 57856K, used 7654K [0x0000000080000000, 0x0000000083880000, 0x00000000d5580000)
  object space 57856K, 13% used [0x0000000080000000,0x00000000807799f8,0x0000000083880000)
 Metaspace       used 34412K, capacity 35382K, committed 35496K, reserved 1079296K
  class space    used 4683K, capacity 4942K, committed 5032K, reserved 1048576K
Event: 5.574 GC heap after
Heap after GC invocations=9 (full 2):
 PSYoungGen      total 272896K, used 0K [0x00000000d5580000, 0x00000000eda00000, 0x0000000100000000)
  eden space 257536K, 0% used [0x00000000d5580000,0x00000000d5580000,0x00000000e5100000)
  from space 15360K, 0% used [0x00000000e5100000,0x00000000e5100000,0x00000000e6000000)
  to   space 15360K, 0% used [0x00000000ecb00000,0x00000000ecb00000,0x00000000eda00000)
 ParOldGen       total 88064K, used 16437K [0x0000000080000000, 0x0000000085600000, 0x00000000d5580000)
  object space 88064K, 18% used [0x0000000080000000,0x000000008100d588,0x0000000085600000)
 Metaspace       used 34412K, capacity 35382K, committed 35496K, reserved 1079296K
  class space    used 4683K, capacity 4942K, committed 5032K, reserved 1048576K
}
Event: 801.794 GC heap before
{Heap before GC invocations=10 (full 2):
 PSYoungGen      total 272896K, used 257536K [0x00000000d5580000, 0x00000000eda00000, 0x0000000100000000)
  eden space 257536K, 100% used [0x00000000d5580000,0x00000000e5100000,0x00000000e5100000)
  from space 15360K, 0% used [0x00000000e5100000,0x00000000e5100000,0x00000000e6000000)
  to   space 15360K, 0% used [0x00000000ecb00000,0x00000000ecb00000,0x00000000eda00000)
 ParOldGen       total 88064K, used 16437K [0x0000000080000000, 0x0000000085600000, 0x00000000d5580000)
  object space 88064K, 18% used [0x0000000080000000,0x000000008100d588,0x0000000085600000)
 Metaspace       used 52226K, capacity 54440K, committed 54696K, reserved 1095680K
  class space    used 6988K, capacity 7527K, committed 7592K, reserved 1048576K
Event: 801.817 GC heap after
Heap after GC invocations=10 (full 2):
 PSYoungGen      total 375296K, used 15337K [0x00000000d5580000, 0x00000000ee600000, 0x0000000100000000)
  eden space 359936K, 0% used [0x00000000d5580000,0x00000000d5580000,0x00000000eb500000)
  from space 15360K, 99% used [0x00000000ecb00000,0x00000000ed9fa780,0x00000000eda00000)
  to   space 22528K, 0% used [0x00000000eb500000,0x00000000eb500000,0x00000000ecb00000)
 ParOldGen       total 88064K, used 26841K [0x0000000080000000, 0x0000000085600000, 0x00000000d5580000)
  object space 88064K, 30% used [0x0000000080000000,0x0000000081a365d8,0x0000000085600000)
 Metaspace       used 52226K, capacity 54440K, committed 54696K, reserved 1095680K
  class space    used 6988K, capacity 7527K, committed 7592K, reserved 1048576K
}
Event: 802.522 GC heap before
{Heap before GC invocations=11 (full 2):
 PSYoungGen      total 375296K, used 66579K [0x00000000d5580000, 0x00000000ee600000, 0x0000000100000000)
  eden space 359936K, 14% used [0x00000000d5580000,0x00000000d878a518,0x00000000eb500000)
  from space 15360K, 99% used [0x00000000ecb00000,0x00000000ed9fa780,0x00000000eda00000)
  to   space 22528K, 0% used [0x00000000eb500000,0x00000000eb500000,0x00000000ecb00000)
 ParOldGen       total 88064K, used 26841K [0x0000000080000000, 0x0000000085600000, 0x00000000d5580000)
  object space 88064K, 30% used [0x0000000080000000,0x0000000081a365d8,0x0000000085600000)
 Metaspace       used 56570K, capacity 58996K, committed 59160K, reserved 1099776K
  class space    used 7700K, capacity 8247K, committed 8360K, reserved 1048576K
Event: 802.537 GC heap after
Heap after GC invocations=11 (full 2):
 PSYoungGen      total 382464K, used 19151K [0x00000000d5580000, 0x00000000f3f80000, 0x0000000100000000)
  eden space 359936K, 0% used [0x00000000d5580000,0x00000000d5580000,0x00000000eb500000)
  from space 22528K, 85% used [0x00000000eb500000,0x00000000ec7b3d30,0x00000000ecb00000)
  to   space 24576K, 0% used [0x00000000f2780000,0x00000000f2780000,0x00000000f3f80000)
 ParOldGen       total 88064K, used 26849K [0x0000000080000000, 0x0000000085600000, 0x00000000d5580000)
  object space 88064K, 30% used [0x0000000080000000,0x0000000081a385d8,0x0000000085600000)
 Metaspace       used 56570K, capacity 58996K, committed 59160K, reserved 1099776K
  class space    used 7700K, capacity 8247K, committed 8360K, reserved 1048576K
}
Event: 802.537 GC heap before
{Heap before GC invocations=12 (full 3):
 PSYoungGen      total 382464K, used 19151K [0x00000000d5580000, 0x00000000f3f80000, 0x0000000100000000)
  eden space 359936K, 0% used [0x00000000d5580000,0x00000000d5580000,0x00000000eb500000)
  from space 22528K, 85% used [0x00000000eb500000,0x00000000ec7b3d30,0x00000000ecb00000)
  to   space 24576K, 0% used [0x00000000f2780000,0x00000000f2780000,0x00000000f3f80000)
 ParOldGen       total 88064K, used 26849K [0x0000000080000000, 0x0000000085600000, 0x00000000d5580000)
  object space 88064K, 30% used [0x0000000080000000,0x0000000081a385d8,0x0000000085600000)
 Metaspace       used 56570K, capacity 58996K, committed 59160K, reserved 1099776K
  class space    used 7700K, capacity 8247K, committed 8360K, reserved 1048576K
Event: 802.707 GC heap after
Heap after GC invocations=12 (full 3):
 PSYoungGen      total 382464K, used 0K [0x00000000d5580000, 0x00000000f3f80000, 0x0000000100000000)
  eden space 359936K, 0% used [0x00000000d5580000,0x00000000d5580000,0x00000000eb500000)
  from space 22528K, 0% used [0x00000000eb500000,0x00000000eb500000,0x00000000ecb00000)
  to   space 24576K, 0% used [0x00000000f2780000,0x00000000f2780000,0x00000000f3f80000)
 ParOldGen       total 125440K, used 32342K [0x0000000080000000, 0x0000000087a80000, 0x00000000d5580000)
  object space 125440K, 25% used [0x0000000080000000,0x0000000081f959f8,0x0000000087a80000)
 Metaspace       used 56518K, capacity 58822K, committed 59160K, reserved 1099776K
  class space    used 7684K, capacity 8218K, committed 8360K, reserved 1048576K
}

